zxing/build/outputs/logs/manifest-merger-debug-report.txt
-- Merging decision tree log ---
manifest
ADDED from src\main\AndroidManifest.xml:17:1-143:12
INJECTED from src\main\AndroidManifest.xml:17:1-143:12
INJECTED from src\main\AndroidManifest.xml:17:1-143:12
INJECTED from src\main\AndroidManifest.xml:17:1-143:12
INJECTED from src\main\AndroidManifest.xml:17:1-143:12
INJECTED from src\main\AndroidManifest.xml:17:1-143:12
INJECTED from src\main\AndroidManifest.xml:17:1-143:12
	package
		ADDED from src\main\AndroidManifest.xml:18:5-46
		INJECTED from src\main\AndroidManifest.xml
		INJECTED from src\main\AndroidManifest.xml
	android:versionName
		ADDED from src\main\AndroidManifest.xml:19:5-32
		INJECTED from src\main\AndroidManifest.xml
		INJECTED from src\main\AndroidManifest.xml
	xmlns:android
		ADDED from src\main\AndroidManifest.xml:17:11-69
	android:versionCode
		ADDED from src\main\AndroidManifest.xml:20:5-30
		INJECTED from src\main\AndroidManifest.xml
		INJECTED from src\main\AndroidManifest.xml
	android:installLocation
		ADDED from src\main\AndroidManifest.xml:21:5-35
uses-permission#android.permission.CAMERA
ADDED from src\main\AndroidManifest.xml:23:3-62
	android:name
		ADDED from src\main\AndroidManifest.xml:23:20-60
uses-permission#android.permission.INTERNET
ADDED from src\main\AndroidManifest.xml:24:3-64
	android:name
		ADDED from src\main\AndroidManifest.xml:24:20-62
uses-permission#android.permission.VIBRATE
ADDED from src\main\AndroidManifest.xml:25:3-63
	android:name
		ADDED from src\main\AndroidManifest.xml:25:20-61
uses-permission#android.permission.FLASHLIGHT
ADDED from src\main\AndroidManifest.xml:26:3-66
	android:name
		ADDED from src\main\AndroidManifest.xml:26:20-64
uses-permission#android.permission.READ_CONTACTS
ADDED from src\main\AndroidManifest.xml:27:3-69
	android:name
		ADDED from src\main\AndroidManifest.xml:27:20-67
uses-permission#com.android.browser.permission.READ_HISTORY_BOOKMARKS
ADDED from src\main\AndroidManifest.xml:29:3-90
	android:name
		ADDED from src\main\AndroidManifest.xml:29:20-88
uses-permission#android.permission.WRITE_EXTERNAL_STORAGE
ADDED from src\main\AndroidManifest.xml:30:3-78
	android:name
		ADDED from src\main\AndroidManifest.xml:30:20-76
uses-permission#android.permission.CHANGE_WIFI_STATE
ADDED from src\main\AndroidManifest.xml:31:3-73
	android:name
		ADDED from src\main\AndroidManifest.xml:31:20-71
uses-permission#android.permission.ACCESS_WIFI_STATE
ADDED from src\main\AndroidManifest.xml:32:3-73
	android:name
		ADDED from src\main\AndroidManifest.xml:32:20-71
uses-sdk
ADDED from src\main\AndroidManifest.xml:34:3-71
INJECTED from src\main\AndroidManifest.xml:34:3-71
INJECTED from src\main\AndroidManifest.xml:34:3-71
INJECTED from src\main\AndroidManifest.xml:34:3-71
INJECTED from src\main\AndroidManifest.xml:34:3-71
	android:targetSdkVersion
		ADDED from src\main\AndroidManifest.xml:34:40-69
		INJECTED from src\main\AndroidManifest.xml
		INJECTED from src\main\AndroidManifest.xml
	android:minSdkVersion
		ADDED from src\main\AndroidManifest.xml:34:13-39
		INJECTED from src\main\AndroidManifest.xml
		INJECTED from src\main\AndroidManifest.xml
uses-feature#android.hardware.camera.any
ADDED from src\main\AndroidManifest.xml:36:3-61
	android:name
		ADDED from src\main\AndroidManifest.xml:36:17-59
uses-feature#android.hardware.camera.autofocus
ADDED from src\main\AndroidManifest.xml:37:3-92
	android:required
		ADDED from src\main\AndroidManifest.xml:37:66-90
	android:name
		ADDED from src\main\AndroidManifest.xml:37:17-65
uses-feature#android.hardware.camera.flash
ADDED from src\main\AndroidManifest.xml:38:3-88
	android:required
		ADDED from src\main\AndroidManifest.xml:38:62-86
	android:name
		ADDED from src\main\AndroidManifest.xml:38:17-61
uses-feature#android.hardware.screen.landscape
ADDED from src\main\AndroidManifest.xml:39:3-67
	android:name
		ADDED from src\main\AndroidManifest.xml:39:17-65
uses-feature#android.hardware.wifi
ADDED from src\main\AndroidManifest.xml:40:3-80
	android:required
		ADDED from src\main\AndroidManifest.xml:40:54-78
	android:name
		ADDED from src\main\AndroidManifest.xml:40:17-53
application
ADDED from src\main\AndroidManifest.xml:42:3-141:17
	android:label
		ADDED from src\main\AndroidManifest.xml:44:7-39
	android:icon
		ADDED from src\main\AndroidManifest.xml:42:16-54
	android:allowBackup
		ADDED from src\main\AndroidManifest.xml:45:7-33
	android:logo
		ADDED from src\main\AndroidManifest.xml:43:7-45
activity#com.google.zxing.client.android.CaptureActivity
ADDED from src\main\AndroidManifest.xml:46:5-88:16
	android:screenOrientation
		ADDED from src\main\AndroidManifest.xml:47:9-51
	android:clearTaskOnLaunch
		ADDED from src\main\AndroidManifest.xml:48:9-41
	android:stateNotNeeded
		ADDED from src\main\AndroidManifest.xml:49:9-38
	android:windowSoftInputMode
		ADDED from src\main\AndroidManifest.xml:51:9-56
	android:theme
		ADDED from src\main\AndroidManifest.xml:50:9-44
	android:name
		ADDED from src\main\AndroidManifest.xml:46:15-46
activity#com.google.zxing.client.android.PreferencesActivity
ADDED from src\main\AndroidManifest.xml:89:5-91:40
	android:stateNotNeeded
		ADDED from src\main\AndroidManifest.xml:91:9-38
	android:label
		ADDED from src\main\AndroidManifest.xml:90:9-49
	android:name
		ADDED from src\main\AndroidManifest.xml:89:15-50
activity#com.google.zxing.client.android.encode.EncodeActivity
ADDED from src\main\AndroidManifest.xml:92:5-110:16
	android:stateNotNeeded
		ADDED from src\main\AndroidManifest.xml:93:9-38
	android:name
		ADDED from src\main\AndroidManifest.xml:92:15-52
intent-filter#android.intent.category.DEFAULT+com.google.zxing.client.android.ENCODE
ADDED from src\main\AndroidManifest.xml:94:7-97:23
action#com.google.zxing.client.android.ENCODE
ADDED from src\main\AndroidManifest.xml:95:9-72
	android:name
		ADDED from src\main\AndroidManifest.xml:95:17-70
category#android.intent.category.DEFAULT
ADDED from src\main\AndroidManifest.xml:96:9-67
	android:name
		ADDED from src\main\AndroidManifest.xml:96:19-65
intent-filter#android.intent.action.SEND+android.intent.category.DEFAULT
ADDED from src\main\AndroidManifest.xml:99:7-103:23
action#android.intent.action.SEND
ADDED from src\main\AndroidManifest.xml:100:9-60
	android:name
		ADDED from src\main\AndroidManifest.xml:100:17-58
data
ADDED from src\main\AndroidManifest.xml:102:9-48
	android:mimeType
		ADDED from src\main\AndroidManifest.xml:102:15-46
activity#com.google.zxing.client.android.book.SearchBookContentsActivity
ADDED from src\main\AndroidManifest.xml:111:5-119:16
	android:screenOrientation
		ADDED from src\main\AndroidManifest.xml:114:9-52
	android:stateNotNeeded
		ADDED from src\main\AndroidManifest.xml:113:9-38
	android:label
		ADDED from src\main\AndroidManifest.xml:112:9-41
	android:name
		ADDED from src\main\AndroidManifest.xml:111:15-62
intent-filter#android.intent.category.DEFAULT+com.google.zxing.client.android.SEARCH_BOOK_CONTENTS
ADDED from src\main\AndroidManifest.xml:115:7-118:23
action#com.google.zxing.client.android.SEARCH_BOOK_CONTENTS
ADDED from src\main\AndroidManifest.xml:116:9-86
	android:name
		ADDED from src\main\AndroidManifest.xml:116:17-84
activity#com.google.zxing.client.android.share.ShareActivity
ADDED from src\main\AndroidManifest.xml:120:5-127:16
	android:screenOrientation
		ADDED from src\main\AndroidManifest.xml:122:9-41
	android:stateNotNeeded
		ADDED from src\main\AndroidManifest.xml:121:9-38
	android:name
		ADDED from src\main\AndroidManifest.xml:120:15-50
intent-filter#android.intent.category.DEFAULT+com.google.zxing.client.android.SHARE
ADDED from src\main\AndroidManifest.xml:123:7-126:23
action#com.google.zxing.client.android.SHARE
ADDED from src\main\AndroidManifest.xml:124:9-71
	android:name
		ADDED from src\main\AndroidManifest.xml:124:17-69
activity#com.google.zxing.client.android.history.HistoryActivity
ADDED from src\main\AndroidManifest.xml:128:5-130:40
	android:stateNotNeeded
		ADDED from src\main\AndroidManifest.xml:130:9-38
	android:label
		ADDED from src\main\AndroidManifest.xml:129:9-46
	android:name
		ADDED from src\main\AndroidManifest.xml:128:15-54
activity#com.google.zxing.client.android.share.BookmarkPickerActivity
ADDED from src\main\AndroidManifest.xml:131:5-133:40
	android:stateNotNeeded
		ADDED from src\main\AndroidManifest.xml:133:9-38
	android:label
		ADDED from src\main\AndroidManifest.xml:132:9-53
	android:name
		ADDED from src\main\AndroidManifest.xml:131:15-59
activity#com.google.zxing.client.android.share.AppPickerActivity
ADDED from src\main\AndroidManifest.xml:134:5-136:40
	android:stateNotNeeded
		ADDED from src\main\AndroidManifest.xml:136:9-38
	android:label
		ADDED from src\main\AndroidManifest.xml:135:9-48
	android:name
		ADDED from src\main\AndroidManifest.xml:134:15-54
activity#com.google.zxing.client.android.HelpActivity
ADDED from src\main\AndroidManifest.xml:137:5-140:40
	android:screenOrientation
		ADDED from src\main\AndroidManifest.xml:139:9-41
	android:stateNotNeeded
		ADDED from src\main\AndroidManifest.xml:140:9-38
	android:label
		ADDED from src\main\AndroidManifest.xml:138:9-42
	android:name
		ADDED from src\main\AndroidManifest.xml:137:15-43